[0.007s] Invoking command in '/home/cod/qza_ws/CItest/build/tnode': CMAKE_PREFIX_PATH=/opt/ros/humble /usr/local/bin/cmake --build /home/cod/qza_ws/CItest/build/tnode -- -j16 -l16
[0.016s] [0mCMake Deprecation Warning at CMakeLists.txt:1 (cmake_minimum_required):
[0.016s]   Compatibility with CMake < 3.10 will be removed from a future version of
[0.016s]   CMake.
[0.017s] 
[0.017s]   Update the VERSION argument <min> value or use a ...<max> suffix to tell
[0.017s]   CMake that the project does not need compatibility with older versions.
[0.017s] 
[0.017s] [0m
[0.024s] -- Found ament_cmake: 1.3.10 (/opt/ros/humble/share/ament_cmake/cmake)
[0.142s] -- Override CMake install command with custom implementation using symlinks instead of copying resources
[0.146s] -- Found rclcpp: 16.0.10 (/opt/ros/humble/share/rclcpp/cmake)
[0.163s] -- Found rosidl_generator_c: 3.1.5 (/opt/ros/humble/share/rosidl_generator_c/cmake)
[0.165s] -- Found rosidl_adapter: 3.1.5 (/opt/ros/humble/share/rosidl_adapter/cmake)
[0.168s] -- Found rosidl_generator_cpp: 3.1.5 (/opt/ros/humble/share/rosidl_generator_cpp/cmake)
[0.174s] -- Using all available rosidl_typesupport_c: rosidl_typesupport_fastrtps_c;rosidl_typesupport_introspection_c
[0.181s] -- Using all available rosidl_typesupport_cpp: rosidl_typesupport_fastrtps_cpp;rosidl_typesupport_introspection_cpp
[0.202s] -- Found rmw_implementation_cmake: 6.1.2 (/opt/ros/humble/share/rmw_implementation_cmake/cmake)
[0.203s] -- Found rmw_fastrtps_cpp: 6.2.7 (/opt/ros/humble/share/rmw_fastrtps_cpp/cmake)
[0.267s] -- Using RMW implementation 'rmw_fastrtps_cpp' as default
[0.302s] -- Found ament_lint_auto: 0.12.11 (/opt/ros/humble/share/ament_lint_auto/cmake)
[0.341s] -- Added test 'cppcheck' to perform static code analysis on C / C++ code
[0.341s] -- Configured cppcheck include dirs: 
[0.341s] -- Configured cppcheck exclude dirs and/or files: 
[0.341s] -- Added test 'lint_cmake' to check CMake code style
[0.341s] -- Added test 'uncrustify' to check C / C++ code style
[0.341s] -- Configured uncrustify additional arguments: 
[0.341s] -- Added test 'xmllint' to check XML markup files
[0.342s] -- Configuring done (0.3s)
[0.348s] -- Generating done (0.0s)
[0.349s] -- Build files have been written to: /home/cod/qza_ws/CItest/build/tnode
[0.365s] [ 50%] [32mBuilding CXX object CMakeFiles/tnode.dir/src/tnode.cpp.o[0m
[1.949s] [100%] [32m[1mLinking CXX executable tnode[0m
[2.020s] [100%] Built target tnode
[2.025s] Invoked command in '/home/cod/qza_ws/CItest/build/tnode' returned '0': CMAKE_PREFIX_PATH=/opt/ros/humble /usr/local/bin/cmake --build /home/cod/qza_ws/CItest/build/tnode -- -j16 -l16
[2.028s] Invoking command in '/home/cod/qza_ws/CItest/build/tnode': CMAKE_PREFIX_PATH=/opt/ros/humble /usr/local/bin/cmake --install /home/cod/qza_ws/CItest/build/tnode
[2.032s] -- Install configuration: ""
[2.032s] -- Execute custom install script
[2.033s] -- Symlinking: /home/cod/qza_ws/CItest/install/tnode/share/ament_index/resource_index/package_run_dependencies/tnode
[2.035s] -- Symlinking: /home/cod/qza_ws/CItest/install/tnode/share/ament_index/resource_index/parent_prefix_path/tnode
[2.038s] -- Symlinking: /home/cod/qza_ws/CItest/install/tnode/share/tnode/environment/ament_prefix_path.sh
[2.041s] -- Symlinking: /home/cod/qza_ws/CItest/install/tnode/share/tnode/environment/ament_prefix_path.dsv
[2.043s] -- Symlinking: /home/cod/qza_ws/CItest/install/tnode/share/tnode/environment/path.sh
[2.046s] -- Symlinking: /home/cod/qza_ws/CItest/install/tnode/share/tnode/environment/path.dsv
[2.048s] -- Symlinking: /home/cod/qza_ws/CItest/install/tnode/share/tnode/local_setup.bash
[2.051s] -- Symlinking: /home/cod/qza_ws/CItest/install/tnode/share/tnode/local_setup.sh
[2.053s] -- Symlinking: /home/cod/qza_ws/CItest/install/tnode/share/tnode/local_setup.zsh
[2.056s] -- Symlinking: /home/cod/qza_ws/CItest/install/tnode/share/tnode/local_setup.dsv
[2.059s] -- Symlinking: /home/cod/qza_ws/CItest/install/tnode/share/tnode/package.dsv
[2.062s] -- Symlinking: /home/cod/qza_ws/CItest/install/tnode/share/ament_index/resource_index/packages/tnode
[2.064s] -- Symlinking: /home/cod/qza_ws/CItest/install/tnode/share/tnode/cmake/tnodeConfig.cmake
[2.067s] -- Symlinking: /home/cod/qza_ws/CItest/install/tnode/share/tnode/cmake/tnodeConfig-version.cmake
[2.069s] -- Symlinking: /home/cod/qza_ws/CItest/install/tnode/share/tnode/package.xml
[2.073s] Invoked command in '/home/cod/qza_ws/CItest/build/tnode' returned '0': CMAKE_PREFIX_PATH=/opt/ros/humble /usr/local/bin/cmake --install /home/cod/qza_ws/CItest/build/tnode
