[0.007s] Invoking command in '/home/cod/qza_ws/CItest/build/tnode': CMAKE_PREFIX_PATH=${CMAKE_PREFIX_PATH}:/opt/ros/humble /usr/local/bin/cmake --build /home/cod/qza_ws/CItest/build/tnode -- -j16 -l16
[0.016s] [0mCMake Deprecation Warning at CMakeLists.txt:1 (cmake_minimum_required):
[0.016s]   Compatibility with CMake < 3.10 will be removed from a future version of
[0.016s]   CMake.
[0.016s] 
[0.016s]   Update the VERSION argument <min> value or use a ...<max> suffix to tell
[0.016s]   CMake that the project does not need compatibility with older versions.
[0.016s] 
[0.016s] [0m
[0.024s] -- Found ament_cmake: 1.3.10 (/opt/ros/humble/share/ament_cmake/cmake)
[0.149s] -- Override CMake install command with custom implementation using symlinks instead of copying resources
[0.154s] -- Found rclcpp: 16.0.10 (/opt/ros/humble/share/rclcpp/cmake)
[0.171s] -- Found rosidl_generator_c: 3.1.5 (/opt/ros/humble/share/rosidl_generator_c/cmake)
[0.173s] -- Found rosidl_adapter: 3.1.5 (/opt/ros/humble/share/rosidl_adapter/cmake)
[0.176s] -- Found rosidl_generator_cpp: 3.1.5 (/opt/ros/humble/share/rosidl_generator_cpp/cmake)
[0.182s] -- Using all available rosidl_typesupport_c: rosidl_typesupport_fastrtps_c;rosidl_typesupport_introspection_c
[0.190s] -- Using all available rosidl_typesupport_cpp: rosidl_typesupport_fastrtps_cpp;rosidl_typesupport_introspection_cpp
[0.211s] -- Found rmw_implementation_cmake: 6.1.2 (/opt/ros/humble/share/rmw_implementation_cmake/cmake)
[0.212s] -- Found rmw_fastrtps_cpp: 6.2.7 (/opt/ros/humble/share/rmw_fastrtps_cpp/cmake)
[0.276s] -- Using RMW implementation 'rmw_fastrtps_cpp' as default
[0.311s] -- Found ament_lint_auto: 0.12.11 (/opt/ros/humble/share/ament_lint_auto/cmake)
[0.350s] -- Added test 'cppcheck' to perform static code analysis on C / C++ code
[0.350s] -- Configured cppcheck include dirs: 
[0.350s] -- Configured cppcheck exclude dirs and/or files: 
[0.350s] -- Added test 'lint_cmake' to check CMake code style
[0.350s] -- Added test 'uncrustify' to check C / C++ code style
[0.350s] -- Configured uncrustify additional arguments: 
[0.350s] -- Added test 'xmllint' to check XML markup files
[0.351s] -- Configuring done (0.3s)
[0.356s] -- Generating done (0.0s)
[0.357s] -- Build files have been written to: /home/cod/qza_ws/CItest/build/tnode
[0.381s] [100%] Built target tnode
[0.385s] Invoked command in '/home/cod/qza_ws/CItest/build/tnode' returned '0': CMAKE_PREFIX_PATH=${CMAKE_PREFIX_PATH}:/opt/ros/humble /usr/local/bin/cmake --build /home/cod/qza_ws/CItest/build/tnode -- -j16 -l16
[0.390s] Invoking command in '/home/cod/qza_ws/CItest/build/tnode': CMAKE_PREFIX_PATH=${CMAKE_PREFIX_PATH}:/opt/ros/humble /usr/local/bin/cmake --install /home/cod/qza_ws/CItest/build/tnode
[0.393s] -- Install configuration: ""
[0.393s] -- Execute custom install script
[0.394s] -- Symlinking: /home/cod/qza_ws/CItest/install/tnode/lib/tnode/tnode
[0.397s] -- Up-to-date symlink: /home/cod/qza_ws/CItest/install/tnode/share/ament_index/resource_index/package_run_dependencies/tnode
[0.397s] -- Up-to-date symlink: /home/cod/qza_ws/CItest/install/tnode/share/ament_index/resource_index/parent_prefix_path/tnode
[0.397s] -- Up-to-date symlink: /home/cod/qza_ws/CItest/install/tnode/share/tnode/environment/ament_prefix_path.sh
[0.397s] -- Up-to-date symlink: /home/cod/qza_ws/CItest/install/tnode/share/tnode/environment/ament_prefix_path.dsv
[0.397s] -- Up-to-date symlink: /home/cod/qza_ws/CItest/install/tnode/share/tnode/environment/path.sh
[0.398s] -- Up-to-date symlink: /home/cod/qza_ws/CItest/install/tnode/share/tnode/environment/path.dsv
[0.398s] -- Up-to-date symlink: /home/cod/qza_ws/CItest/install/tnode/share/tnode/local_setup.bash
[0.398s] -- Up-to-date symlink: /home/cod/qza_ws/CItest/install/tnode/share/tnode/local_setup.sh
[0.398s] -- Up-to-date symlink: /home/cod/qza_ws/CItest/install/tnode/share/tnode/local_setup.zsh
[0.398s] -- Up-to-date symlink: /home/cod/qza_ws/CItest/install/tnode/share/tnode/local_setup.dsv
[0.398s] -- Symlinking: /home/cod/qza_ws/CItest/install/tnode/share/tnode/package.dsv
[0.401s] -- Up-to-date symlink: /home/cod/qza_ws/CItest/install/tnode/share/ament_index/resource_index/packages/tnode
[0.401s] -- Up-to-date symlink: /home/cod/qza_ws/CItest/install/tnode/share/tnode/cmake/tnodeConfig.cmake
[0.401s] -- Up-to-date symlink: /home/cod/qza_ws/CItest/install/tnode/share/tnode/cmake/tnodeConfig-version.cmake
[0.401s] -- Up-to-date symlink: /home/cod/qza_ws/CItest/install/tnode/share/tnode/package.xml
[0.402s] Invoked command in '/home/cod/qza_ws/CItest/build/tnode' returned '0': CMAKE_PREFIX_PATH=${CMAKE_PREFIX_PATH}:/opt/ros/humble /usr/local/bin/cmake --install /home/cod/qza_ws/CItest/build/tnode
