[0mCMake Deprecation Warning at CMakeLists.txt:1 (cmake_minimum_required):
  Compatibility with CMake < 3.10 will be removed from a future version of
  CMake.

  Update the VERSION argument <min> value or use a ...<max> suffix to tell
  CMake that the project does not need compatibility with older versions.

[0m
-- Found ament_cmake: 1.3.10 (/opt/ros/humble/share/ament_cmake/cmake)
-- Override CMake install command with custom implementation using symlinks instead of copying resources
-- Found rclcpp: 16.0.10 (/opt/ros/humble/share/rclcpp/cmake)
-- Found rosidl_generator_c: 3.1.5 (/opt/ros/humble/share/rosidl_generator_c/cmake)
-- Found rosidl_adapter: 3.1.5 (/opt/ros/humble/share/rosidl_adapter/cmake)
-- Found rosidl_generator_cpp: 3.1.5 (/opt/ros/humble/share/rosidl_generator_cpp/cmake)
-- Using all available rosidl_typesupport_c: rosidl_typesupport_fastrtps_c;rosidl_typesupport_introspection_c
-- Using all available rosidl_typesupport_cpp: rosidl_typesupport_fastrtps_cpp;rosidl_typesupport_introspection_cpp
-- Found rmw_implementation_cmake: 6.1.2 (/opt/ros/humble/share/rmw_implementation_cmake/cmake)
-- Found rmw_fastrtps_cpp: 6.2.7 (/opt/ros/humble/share/rmw_fastrtps_cpp/cmake)
-- Using RMW implementation 'rmw_fastrtps_cpp' as default
-- Found ament_lint_auto: 0.12.11 (/opt/ros/humble/share/ament_lint_auto/cmake)
-- Added test 'cppcheck' to perform static code analysis on C / C++ code
-- Configured cppcheck include dirs: 
-- Configured cppcheck exclude dirs and/or files: 
-- Added test 'lint_cmake' to check CMake code style
-- Added test 'uncrustify' to check C / C++ code style
-- Configured uncrustify additional arguments: 
-- Added test 'xmllint' to check XML markup files
-- Configuring done (0.3s)
-- Generating done (0.0s)
-- Build files have been written to: /home/cod/qza_ws/CItest/build/tnode
[100%] Built target tnode
-- Install configuration: ""
-- Execute custom install script
-- Up-to-date symlink: /home/cod/qza_ws/CItest/install/tnode/share/ament_index/resource_index/package_run_dependencies/tnode
-- Up-to-date symlink: /home/cod/qza_ws/CItest/install/tnode/share/ament_index/resource_index/parent_prefix_path/tnode
-- Up-to-date symlink: /home/cod/qza_ws/CItest/install/tnode/share/tnode/environment/ament_prefix_path.sh
-- Up-to-date symlink: /home/cod/qza_ws/CItest/install/tnode/share/tnode/environment/ament_prefix_path.dsv
-- Up-to-date symlink: /home/cod/qza_ws/CItest/install/tnode/share/tnode/environment/path.sh
-- Up-to-date symlink: /home/cod/qza_ws/CItest/install/tnode/share/tnode/environment/path.dsv
-- Up-to-date symlink: /home/cod/qza_ws/CItest/install/tnode/share/tnode/local_setup.bash
-- Up-to-date symlink: /home/cod/qza_ws/CItest/install/tnode/share/tnode/local_setup.sh
-- Up-to-date symlink: /home/cod/qza_ws/CItest/install/tnode/share/tnode/local_setup.zsh
-- Up-to-date symlink: /home/cod/qza_ws/CItest/install/tnode/share/tnode/local_setup.dsv
-- Symlinking: /home/cod/qza_ws/CItest/install/tnode/share/tnode/package.dsv
-- Up-to-date symlink: /home/cod/qza_ws/CItest/install/tnode/share/ament_index/resource_index/packages/tnode
-- Up-to-date symlink: /home/cod/qza_ws/CItest/install/tnode/share/tnode/cmake/tnodeConfig.cmake
-- Up-to-date symlink: /home/cod/qza_ws/CItest/install/tnode/share/tnode/cmake/tnodeConfig-version.cmake
-- Up-to-date symlink: /home/cod/qza_ws/CItest/install/tnode/share/tnode/package.xml
